2025.07.14 09:39:07 INFO  Started: Metals version 1.6.0 in folders '/Users/tannabaybay/Desktop/uk-immigration-app' for client Visual Studio Code 1.102.0.
2025.07.14 09:40:42 INFO  
2025.07.14 09:40:42 INFO  Template applied in /Users/tannabaybay/Desktop/./hello-world
2025.07.14 09:40:42 INFO  
2025.07.14 09:40:42 INFO  time: ran 'giter8.Giter8' in 5.78s
Jul 14, 2025 9:40:51 N’ỤTỤTỤ org.eclipse.lsp4j.jsonrpc.services.GenericEndpoint notify
INFO: Unsupported notification method: $/setTrace
2025.07.14 09:40:53 INFO  Shutting down server
2025.07.14 09:40:53 INFO  shutting down Metals
2025.07.14 09:40:53 INFO  Exiting server
2025.07.14 09:40:53 ERROR Unexpected error initializing server: 
org.eclipse.lsp4j.jsonrpc.ResponseErrorException: Request window/showMessageRequest failed with message: Canceled
	at org.eclipse.lsp4j.jsonrpc.RemoteEndpoint.handleResponse(RemoteEndpoint.java:220)
	at org.eclipse.lsp4j.jsonrpc.RemoteEndpoint.consume(RemoteEndpoint.java:204)
	at org.eclipse.lsp4j.jsonrpc.json.StreamMessageProducer.handleMessage(StreamMessageProducer.java:185)
	at org.eclipse.lsp4j.jsonrpc.json.StreamMessageProducer.listen(StreamMessageProducer.java:97)
	at org.eclipse.lsp4j.jsonrpc.json.ConcurrentMessageProcessor.run(ConcurrentMessageProcessor.java:114)
	at java.util.concurrent.Executors$RunnableAdapter.call(Executors.java:545)
	at java.util.concurrent.FutureTask.run(FutureTask.java:328)
	at java.util.concurrent.ThreadPoolExecutor.runWorker(ThreadPoolExecutor.java:1095)
	at java.util.concurrent.ThreadPoolExecutor$Worker.run(ThreadPoolExecutor.java:619)
	at java.lang.Thread.run(Thread.java:1447)

